[0323/111159.794:ERROR:process_memory_win.cc(73)] ReadMemory at 0x1dc262f3700 of 72 bytes failed: Only part of a ReadProcessMemory or WriteProcessMemory request was completed. (0x12B)
[0323/111159.930:WARNING:pe_image_annotations_reader.cc(134)] could not read annotations list object in C:\Program Files (x86)\Google\Chrome\Application\80.0.3987.149\chrome_elf.dll
[0323/111159.931:ERROR:process_memory_win.cc(73)] ReadMemory at 0x1dc26597d80 of 72 bytes failed: Only part of a ReadProcessMemory or WriteProcessMemory request was completed. (0x12B)
[0323/111159.931:WARNING:pe_image_annotations_reader.cc(134)] could not read annotations list object in C:\Program Files (x86)\Google\Chrome\Application\80.0.3987.149\chrome.dll
[0323/111159.934:ERROR:process_memory_win.cc(73)] ReadMemory at 0x1dc262f3700 of 72 bytes failed: Only part of a ReadProcessMemory or WriteProcessMemory request was completed. (0x12B)
[0323/111200.095:WARNING:pe_image_annotations_reader.cc(134)] could not read annotations list object in C:\Program Files (x86)\Google\Chrome\Application\80.0.3987.149\chrome_elf.dll
[0323/111200.113:ERROR:process_memory_win.cc(73)] ReadMemory at 0x1dc26597d80 of 72 bytes failed: Only part of a ReadProcessMemory or WriteProcessMemory request was completed. (0x12B)
[0323/111200.114:WARNING:pe_image_annotations_reader.cc(134)] could not read annotations list object in C:\Program Files (x86)\Google\Chrome\Application\80.0.3987.149\chrome.dll
[0323/111201.305:ERROR:process_memory_win.cc(73)] ReadMemory at 0x4a5bde0000 of 131072 bytes failed: Only part of a ReadProcessMemory or WriteProcessMemory request was completed. (0x12B)
[0323/111201.316:ERROR:process_memory_win.cc(73)] ReadMemory at 0x4a5cdfd000 of 12288 bytes failed: Only part of a ReadProcessMemory or WriteProcessMemory request was completed. (0x12B)
[0323/111201.317:ERROR:process_memory_win.cc(73)] ReadMemory at 0x4a5ddfd000 of 12288 bytes failed: Only part of a ReadProcessMemory or WriteProcessMemory request was completed. (0x12B)
[0323/111201.317:ERROR:process_memory_win.cc(73)] ReadMemory at 0x4a5e5fc000 of 16384 bytes failed: Only part of a ReadProcessMemory or WriteProcessMemory request was completed. (0x12B)
[0323/111201.318:ERROR:process_memory_win.cc(73)] ReadMemory at 0x4a5edfe000 of 8192 bytes failed: Only part of a ReadProcessMemory or WriteProcessMemory request was completed. (0x12B)
[0323/111201.319:ERROR:process_memory_win.cc(73)] ReadMemory at 0x4a5f5fd000 of 12288 bytes failed: Only part of a ReadProcessMemory or WriteProcessMemory request was completed. (0x12B)
[0323/111201.319:ERROR:process_memory_win.cc(73)] ReadMemory at 0x4a5fdfb000 of 20480 bytes failed: Only part of a ReadProcessMemory or WriteProcessMemory request was completed. (0x12B)
[0323/111201.320:ERROR:process_memory_win.cc(73)] ReadMemory at 0x4a605fc000 of 16384 bytes failed: Only part of a ReadProcessMemory or WriteProcessMemory request was completed. (0x12B)
[0323/111201.320:ERROR:process_memory_win.cc(73)] ReadMemory at 0x4a60df5000 of 45056 bytes failed: Only part of a ReadProcessMemory or WriteProcessMemory request was completed. (0x12B)
[0323/111201.320:ERROR:process_memory_win.cc(73)] ReadMemory at 0x4a615fd000 of 12288 bytes failed: Only part of a ReadProcessMemory or WriteProcessMemory request was completed. (0x12B)
[0323/111201.321:ERROR:process_memory_win.cc(73)] ReadMemory at 0x4a635fd000 of 12288 bytes failed: Only part of a ReadProcessMemory or WriteProcessMemory request was completed. (0x12B)
[0323/111201.321:ERROR:process_memory_win.cc(73)] ReadMemory at 0x4a5c5fc000 of 16384 bytes failed: Only part of a ReadProcessMemory or WriteProcessMemory request was completed. (0x12B)
[0323/111201.321:ERROR:process_memory_win.cc(73)] ReadMemory at 0x4a61dfc000 of 16384 bytes failed: Only part of a ReadProcessMemory or WriteProcessMemory request was completed. (0x12B)
[0323/111201.322:ERROR:process_memory_win.cc(73)] ReadMemory at 0x4a5d5fd000 of 12288 bytes failed: Only part of a ReadProcessMemory or WriteProcessMemory request was completed. (0x12B)
[0323/111201.322:ERROR:process_memory_win.cc(73)] ReadMemory at 0x4a625fe000 of 8192 bytes failed: Only part of a ReadProcessMemory or WriteProcessMemory request was completed. (0x12B)
[0323/111201.323:ERROR:process_memory_win.cc(73)] ReadMemory at 0x4a5b40c000 of 6024 bytes failed: Only part of a ReadProcessMemory or WriteProcessMemory request was completed. (0x12B)
[0323/111201.377:ERROR:process_memory_win.cc(73)] ReadMemory at 0x4a5b40e000 of 6024 bytes failed: Only part of a ReadProcessMemory or WriteProcessMemory request was completed. (0x12B)
[0323/111201.380:ERROR:process_memory_win.cc(73)] ReadMemory at 0x4a5b410000 of 6024 bytes failed: Only part of a ReadProcessMemory or WriteProcessMemory request was completed. (0x12B)
[0323/111201.381:ERROR:process_memory_win.cc(73)] ReadMemory at 0x4a5b412000 of 6024 bytes failed: Only part of a ReadProcessMemory or WriteProcessMemory request was completed. (0x12B)
[0323/111201.381:ERROR:process_memory_win.cc(73)] ReadMemory at 0x4a5b5d4000 of 852 bytes failed: Only part of a ReadProcessMemory or WriteProcessMemory request was completed. (0x12B)
[0323/111201.381:ERROR:process_memory_win.cc(73)] ReadMemory at 0x4a5b5d5000 of 6024 bytes failed: Only part of a ReadProcessMemory or WriteProcessMemory request was completed. (0x12B)
[0323/111201.382:ERROR:process_memory_win.cc(73)] ReadMemory at 0x4a5b5d9000 of 6024 bytes failed: Only part of a ReadProcessMemory or WriteProcessMemory request was completed. (0x12B)
[0323/111201.382:ERROR:process_memory_win.cc(73)] ReadMemory at 0x4a5b5dd000 of 6024 bytes failed: Only part of a ReadProcessMemory or WriteProcessMemory request was completed. (0x12B)
[0323/111201.382:ERROR:process_memory_win.cc(73)] ReadMemory at 0x4a5b5df000 of 6024 bytes failed: Only part of a ReadProcessMemory or WriteProcessMemory request was completed. (0x12B)
[0323/111201.383:ERROR:process_memory_win.cc(73)] ReadMemory at 0x4a5b5e1000 of 6024 bytes failed: Only part of a ReadProcessMemory or WriteProcessMemory request was completed. (0x12B)
[0323/111201.384:ERROR:process_memory_win.cc(73)] ReadMemory at 0x4a5b5e3000 of 6024 bytes failed: Only part of a ReadProcessMemory or WriteProcessMemory request was completed. (0x12B)
[0323/111201.384:ERROR:process_memory_win.cc(73)] ReadMemory at 0x4a5b5e5000 of 6024 bytes failed: Only part of a ReadProcessMemory or WriteProcessMemory request was completed. (0x12B)
[0323/111201.384:ERROR:process_memory_win.cc(73)] ReadMemory at 0x4a5b5e7000 of 6024 bytes failed: Only part of a ReadProcessMemory or WriteProcessMemory request was completed. (0x12B)
[0323/111201.385:ERROR:process_memory_win.cc(73)] ReadMemory at 0x4a5b5e9000 of 6024 bytes failed: Only part of a ReadProcessMemory or WriteProcessMemory request was completed. (0x12B)
[0323/111201.385:ERROR:process_memory_win.cc(73)] ReadMemory at 0x4a5b5eb000 of 6024 bytes failed: Only part of a ReadProcessMemory or WriteProcessMemory request was completed. (0x12B)
[0323/111201.385:ERROR:process_memory_win.cc(73)] ReadMemory at 0x4a5b5f5000 of 6024 bytes failed: Only part of a ReadProcessMemory or WriteProcessMemory request was completed. (0x12B)
[0323/111201.386:ERROR:process_memory_win.cc(73)] ReadMemory at 0x1dc260c0fc0 of 18594 bytes failed: Only part of a ReadProcessMemory or WriteProcessMemory request was completed. (0x12B)
[0323/111201.386:ERROR:process_memory_win.cc(73)] ReadMemory at 0x1dc260c5870 of 1012 bytes failed: Only part of a ReadProcessMemory or WriteProcessMemory request was completed. (0x12B)
[0323/111201.386:ERROR:process_memory_win.cc(73)] ReadMemory at 0x1dc260c5e88 of 118 bytes failed: Only part of a ReadProcessMemory or WriteProcessMemory request was completed. (0x12B)
[0323/111201.386:ERROR:process_memory_win.cc(73)] ReadMemory at 0x1dc260c5f00 of 722 bytes failed: Only part of a ReadProcessMemory or WriteProcessMemory request was completed. (0x12B)
[0323/111201.387:ERROR:process_memory_win.cc(73)] ReadMemory at 0x1dc260c61d4 of 118 bytes failed: Only part of a ReadProcessMemory or WriteProcessMemory request was completed. (0x12B)
[0323/111201.387:ERROR:process_memory_win.cc(73)] ReadMemory at 0x1dc260c624c of 96 bytes failed: Only part of a ReadProcessMemory or WriteProcessMemory request was completed. (0x12B)
[0323/111201.387:ERROR:process_memory_win.cc(73)] ReadMemory at 0x1dc260c62c0 of 58 bytes failed: Only part of a ReadProcessMemory or WriteProcessMemory request was completed. (0x12B)
[0323/111201.395:ERROR:process_memory_win.cc(73)] ReadMemory at 0x1dc260c63c0 of 132 bytes failed: Only part of a ReadProcessMemory or WriteProcessMemory request was completed. (0x12B)
[0323/111201.395:ERROR:process_memory_win.cc(73)] ReadMemory at 0x1dc260c6550 of 132 bytes failed: Only part of a ReadProcessMemory or WriteProcessMemory request was completed. (0x12B)
[0323/111201.396:ERROR:process_memory_win.cc(73)] ReadMemory at 0x1dc260c6710 of 126 bytes failed: Only part of a ReadProcessMemory or WriteProcessMemory request was completed. (0x12B)
[0323/111201.396:ERROR:process_memory_win.cc(73)] ReadMemory at 0x1dc260c6af0 of 132 bytes failed: Only part of a ReadProcessMemory or WriteProcessMemory request was completed. (0x12B)
[0323/111201.396:ERROR:process_memory_win.cc(73)] ReadMemory at 0x1dc260c6c80 of 64 bytes failed: Only part of a ReadProcessMemory or WriteProcessMemory request was completed. (0x12B)
[0323/111201.396:ERROR:process_memory_win.cc(73)] ReadMemory at 0x1dc260c6cd0 of 132 bytes failed: Only part of a ReadProcessMemory or WriteProcessMemory request was completed. (0x12B)
[0323/111201.397:ERROR:process_memory_win.cc(73)] ReadMemory at 0x1dc260c6e40 of 132 bytes failed: Only part of a ReadProcessMemory or WriteProcessMemory request was completed. (0x12B)
[0323/111201.397:ERROR:process_memory_win.cc(73)] ReadMemory at 0x1dc260c70d0 of 132 bytes failed: Only part of a ReadProcessMemory or WriteProcessMemory request was completed. (0x12B)
[0323/111201.397:ERROR:process_memory_win.cc(73)] ReadMemory at 0x1dc260c7260 of 68 bytes failed: Only part of a ReadProcessMemory or WriteProcessMemory request was completed. (0x12B)
[0323/111201.403:ERROR:process_memory_win.cc(73)] ReadMemory at 0x1dc260c80f0 of 132 bytes failed: Only part of a ReadProcessMemory or WriteProcessMemory request was completed. (0x12B)
[0323/111201.403:ERROR:process_memory_win.cc(73)] ReadMemory at 0x1dc260c8280 of 154 bytes failed: Only part of a ReadProcessMemory or WriteProcessMemory request was completed. (0x12B)
[0323/111201.403:ERROR:process_memory_win.cc(73)] ReadMemory at 0x1dc260c8dd0 of 132 bytes failed: Only part of a ReadProcessMemory or WriteProcessMemory request was completed. (0x12B)
[0323/111201.404:ERROR:process_memory_win.cc(73)] ReadMemory at 0x1dc260c8f00 of 146 bytes failed: Only part of a ReadProcessMemory or WriteProcessMemory request was completed. (0x12B)
[0323/111201.404:ERROR:process_memory_win.cc(73)] ReadMemory at 0x1dc260c8fe0 of 60 bytes failed: Only part of a ReadProcessMemory or WriteProcessMemory request was completed. (0x12B)
[0323/111201.404:ERROR:process_memory_win.cc(73)] ReadMemory at 0x1dc260caca0 of 62 bytes failed: Only part of a ReadProcessMemory or WriteProcessMemory request was completed. (0x12B)
[0323/111201.404:ERROR:process_memory_win.cc(73)] ReadMemory at 0x1dc260cae00 of 132 bytes failed: Only part of a ReadProcessMemory or WriteProcessMemory request was completed. (0x12B)
[0323/111201.405:ERROR:process_memory_win.cc(73)] ReadMemory at 0x1dc260cdc80 of 132 bytes failed: Only part of a ReadProcessMemory or WriteProcessMemory request was completed. (0x12B)
[0323/111201.406:ERROR:process_memory_win.cc(73)] ReadMemory at 0x1dc260cddb0 of 132 bytes failed: Only part of a ReadProcessMemory or WriteProcessMemory request was completed. (0x12B)
[0323/111201.406:ERROR:process_memory_win.cc(73)] ReadMemory at 0x1dc260cdee0 of 132 bytes failed: Only part of a ReadProcessMemory or WriteProcessMemory request was completed. (0x12B)
[0323/111201.407:ERROR:process_memory_win.cc(73)] ReadMemory at 0x1dc260cebc0 of 132 bytes failed: Only part of a ReadProcessMemory or WriteProcessMemory request was completed. (0x12B)
[0323/111201.407:ERROR:process_memory_win.cc(73)] ReadMemory at 0x1dc260ced50 of 80 bytes failed: Only part of a ReadProcessMemory or WriteProcessMemory request was completed. (0x12B)
[0323/111201.407:ERROR:process_memory_win.cc(73)] ReadMemory at 0x1dc260cee70 of 64 bytes failed: Only part of a ReadProcessMemory or WriteProcessMemory request was completed. (0x12B)
[0323/111201.407:ERROR:process_memory_win.cc(73)] ReadMemory at 0x1dc260ceec0 of 64 bytes failed: Only part of a ReadProcessMemory or WriteProcessMemory request was completed. (0x12B)
[0323/111201.409:ERROR:process_memory_win.cc(73)] ReadMemory at 0x1dc260cef10 of 64 bytes failed: Only part of a ReadProcessMemory or WriteProcessMemory request was completed. (0x12B)
[0323/111201.409:ERROR:process_memory_win.cc(73)] ReadMemory at 0x1dc260cef60 of 60 bytes failed: Only part of a ReadProcessMemory or WriteProcessMemory request was completed. (0x12B)
[0323/111201.409:ERROR:process_memory_win.cc(73)] ReadMemory at 0x1dc260cefb0 of 62 bytes failed: Only part of a ReadProcessMemory or WriteProcessMemory request was completed. (0x12B)
[0323/111201.411:ERROR:process_memory_win.cc(73)] ReadMemory at 0x1dc260cf000 of 60 bytes failed: Only part of a ReadProcessMemory or WriteProcessMemory request was completed. (0x12B)
[0323/111201.412:ERROR:process_memory_win.cc(73)] ReadMemory at 0x1dc260cf050 of 60 bytes failed: Only part of a ReadProcessMemory or WriteProcessMemory request was completed. (0x12B)
[0323/111201.412:ERROR:process_memory_win.cc(73)] ReadMemory at 0x1dc260cf0a0 of 58 bytes failed: Only part of a ReadProcessMemory or WriteProcessMemory request was completed. (0x12B)
[0323/111201.804:ERROR:process_memory_win.cc(73)] ReadMemory at 0x1dc260cf0f0 of 62 bytes failed: Only part of a ReadProcessMemory or WriteProcessMemory request was completed. (0x12B)
[0323/111201.805:ERROR:process_memory_win.cc(73)] ReadMemory at 0x1dc260cf140 of 62 bytes failed: Only part of a ReadProcessMemory or WriteProcessMemory request was completed. (0x12B)
[0323/111201.805:ERROR:process_memory_win.cc(73)] ReadMemory at 0x1dc260cf190 of 64 bytes failed: Only part of a ReadProcessMemory or WriteProcessMemory request was completed. (0x12B)
[0323/111201.805:ERROR:process_memory_win.cc(73)] ReadMemory at 0x1dc260cf1e0 of 62 bytes failed: Only part of a ReadProcessMemory or WriteProcessMemory request was completed. (0x12B)
[0323/111201.805:ERROR:process_memory_win.cc(73)] ReadMemory at 0x1dc260cf280 of 64 bytes failed: Only part of a ReadProcessMemory or WriteProcessMemory request was completed. (0x12B)
[0323/111201.808:ERROR:process_memory_win.cc(73)] ReadMemory at 0x1dc260cf2d0 of 62 bytes failed: Only part of a ReadProcessMemory or WriteProcessMemory request was completed. (0x12B)
[0323/111201.809:ERROR:process_memory_win.cc(73)] ReadMemory at 0x1dc260cf3c0 of 66 bytes failed: Only part of a ReadProcessMemory or WriteProcessMemory request was completed. (0x12B)
[0323/111201.809:ERROR:process_memory_win.cc(73)] ReadMemory at 0x1dc260cf410 of 62 bytes failed: Only part of a ReadProcessMemory or WriteProcessMemory request was completed. (0x12B)
[0323/111201.809:ERROR:process_memory_win.cc(73)] ReadMemory at 0x1dc260cf460 of 62 bytes failed: Only part of a ReadProcessMemory or WriteProcessMemory request was completed. (0x12B)
[0323/111201.809:ERROR:process_memory_win.cc(73)] ReadMemory at 0x1dc260cf4b0 of 62 bytes failed: Only part of a ReadProcessMemory or WriteProcessMemory request was completed. (0x12B)
[0323/111201.811:ERROR:process_memory_win.cc(73)] ReadMemory at 0x1dc260cf550 of 60 bytes failed: Only part of a ReadProcessMemory or WriteProcessMemory request was completed. (0x12B)
[0323/111201.812:ERROR:process_memory_win.cc(73)] ReadMemory at 0x1dc260cf5a0 of 64 bytes failed: Only part of a ReadProcessMemory or WriteProcessMemory request was completed. (0x12B)
[0323/111201.812:ERROR:process_memory_win.cc(73)] ReadMemory at 0x1dc260d32c0 of 54 bytes failed: Only part of a ReadProcessMemory or WriteProcessMemory request was completed. (0x12B)
[0323/111201.812:ERROR:process_memory_win.cc(73)] ReadMemory at 0x1dc260d4490 of 76 bytes failed: Only part of a ReadProcessMemory or WriteProcessMemory request was completed. (0x12B)
[0323/111201.812:ERROR:process_memory_win.cc(73)] ReadMemory at 0x1dc260d44f0 of 80 bytes failed: Only part of a ReadProcessMemory or WriteProcessMemory request was completed. (0x12B)
[0323/111201.813:ERROR:process_memory_win.cc(73)] ReadMemory at 0x1dc260d5de0 of 132 bytes failed: Only part of a ReadProcessMemory or WriteProcessMemory request was completed. (0x12B)
[0323/111201.813:ERROR:process_memory_win.cc(73)] ReadMemory at 0x1dc260d6790 of 132 bytes failed: Only part of a ReadProcessMemory or WriteProcessMemory request was completed. (0x12B)
[0323/111201.814:ERROR:process_memory_win.cc(73)] ReadMemory at 0x1dc260d7ad0 of 132 bytes failed: Only part of a ReadProcessMemory or WriteProcessMemory request was completed. (0x12B)
[0323/111201.814:ERROR:process_memory_win.cc(73)] ReadMemory at 0x1dc260d7c00 of 132 bytes failed: Only part of a ReadProcessMemory or WriteProcessMemory request was completed. (0x12B)
[0323/111201.814:ERROR:process_memory_win.cc(73)] ReadMemory at 0x1dc260d7d30 of 132 bytes failed: Only part of a ReadProcessMemory or WriteProcessMemory request was completed. (0x12B)
[0323/111201.815:ERROR:process_memory_win.cc(73)] ReadMemory at 0x1dc260d7e60 of 132 bytes failed: Only part of a ReadProcessMemory or WriteProcessMemory request was completed. (0x12B)
[0323/111201.815:ERROR:process_memory_win.cc(73)] ReadMemory at 0x1dc260d7f90 of 132 bytes failed: Only part of a ReadProcessMemory or WriteProcessMemory request was completed. (0x12B)
[0323/111201.815:ERROR:process_memory_win.cc(73)] ReadMemory at 0x1dc260d80c0 of 132 bytes failed: Only part of a ReadProcessMemory or WriteProcessMemory request was completed. (0x12B)
[0323/111201.851:ERROR:process_memory_win.cc(73)] ReadMemory at 0x1dc260d81f0 of 132 bytes failed: Only part of a ReadProcessMemory or WriteProcessMemory request was completed. (0x12B)
[0323/111201.852:ERROR:process_memory_win.cc(73)] ReadMemory at 0x1dc260d8320 of 132 bytes failed: Only part of a ReadProcessMemory or WriteProcessMemory request was completed. (0x12B)
[0323/111201.852:ERROR:process_memory_win.cc(73)] ReadMemory at 0x1dc260d8580 of 132 bytes failed: Only part of a ReadProcessMemory or WriteProcessMemory request was completed. (0x12B)
[0323/111201.852:ERROR:process_memory_win.cc(73)] ReadMemory at 0x1dc260d86b0 of 132 bytes failed: Only part of a ReadProcessMemory or WriteProcessMemory request was completed. (0x12B)
[0323/111201.853:ERROR:process_memory_win.cc(73)] ReadMemory at 0x1dc260d87e0 of 132 bytes failed: Only part of a ReadProcessMemory or WriteProcessMemory request was completed. (0x12B)
[0323/111201.853:ERROR:process_memory_win.cc(73)] ReadMemory at 0x1dc260d8910 of 132 bytes failed: Only part of a ReadProcessMemory or WriteProcessMemory request was completed. (0x12B)
[0323/111201.853:ERROR:process_memory_win.cc(73)] ReadMemory at 0x1dc260db990 of 132 bytes failed: Only part of a ReadProcessMemory or WriteProcessMemory request was completed. (0x12B)
[0323/111201.854:ERROR:process_memory_win.cc(73)] ReadMemory at 0x1dc260dbba0 of 132 bytes failed: Only part of a ReadProcessMemory or WriteProcessMemory request was completed. (0x12B)
[0323/111201.854:ERROR:process_memory_win.cc(73)] ReadMemory at 0x1dc260dbc50 of 512 bytes failed: Only part of a ReadProcessMemory or WriteProcessMemory request was completed. (0x12B)
[0323/111201.854:ERROR:process_memory_win.cc(73)] ReadMemory at 0x1dc260dc5a0 of 132 bytes failed: Only part of a ReadProcessMemory or WriteProcessMemory request was completed. (0x12B)
[0323/111201.854:ERROR:process_memory_win.cc(73)] ReadMemory at 0x1dc260dc800 of 132 bytes failed: Only part of a ReadProcessMemory or WriteProcessMemory request was completed. (0x12B)
[0323/111201.863:ERROR:process_memory_win.cc(73)] ReadMemory at 0x1dc260dd180 of 132 bytes failed: Only part of a ReadProcessMemory or WriteProcessMemory request was completed. (0x12B)
[0323/111201.864:ERROR:process_memory_win.cc(73)] ReadMemory at 0x1dc260dd2b0 of 132 bytes failed: Only part of a ReadProcessMemory or WriteProcessMemory request was completed. (0x12B)
[0323/111201.864:ERROR:process_memory_win.cc(73)] ReadMemory at 0x1dc260dd510 of 132 bytes failed: Only part of a ReadProcessMemory or WriteProcessMemory request was completed. (0x12B)
[0323/111201.865:ERROR:process_memory_win.cc(73)] ReadMemory at 0x1dc260dd640 of 132 bytes failed: Only part of a ReadProcessMemory or WriteProcessMemory request was completed. (0x12B)
[0323/111201.865:ERROR:process_memory_win.cc(73)] ReadMemory at 0x1dc260dd770 of 132 bytes failed: Only part of a ReadProcessMemory or WriteProcessMemory request was completed. (0x12B)
[0323/111201.868:ERROR:process_memory_win.cc(73)] ReadMemory at 0x1dc260dd8a0 of 132 bytes failed: Only part of a ReadProcessMemory or WriteProcessMemory request was completed. (0x12B)
[0323/111201.868:ERROR:process_memory_win.cc(73)] ReadMemory at 0x1dc260dd9d0 of 132 bytes failed: Only part of a ReadProcessMemory or WriteProcessMemory request was completed. (0x12B)
[0323/111201.868:ERROR:process_memory_win.cc(73)] ReadMemory at 0x1dc260ddb00 of 132 bytes failed: Only part of a ReadProcessMemory or WriteProcessMemory request was completed. (0x12B)
[0323/111201.869:ERROR:process_memory_win.cc(73)] ReadMemory at 0x1dc260df430 of 60 bytes failed: Only part of a ReadProcessMemory or WriteProcessMemory request was completed. (0x12B)
[0323/111201.869:ERROR:process_memory_win.cc(73)] ReadMemory at 0x1dc260df4d0 of 64 bytes failed: Only part of a ReadProcessMemory or WriteProcessMemory request was completed. (0x12B)
[0323/111201.869:ERROR:process_memory_win.cc(73)] ReadMemory at 0x1dc260df660 of 66 bytes failed: Only part of a ReadProcessMemory or WriteProcessMemory request was completed. (0x12B)
[0323/111201.869:ERROR:process_memory_win.cc(73)] ReadMemory at 0x1dc260df6b0 of 60 bytes failed: Only part of a ReadProcessMemory or WriteProcessMemory request was completed. (0x12B)
[0323/111201.870:ERROR:process_memory_win.cc(73)] ReadMemory at 0x1dc260df750 of 64 bytes failed: Only part of a ReadProcessMemory or WriteProcessMemory request was completed. (0x12B)
[0323/111201.870:ERROR:process_memory_win.cc(73)] ReadMemory at 0x1dc260df890 of 62 bytes failed: Only part of a ReadProcessMemory or WriteProcessMemory request was completed. (0x12B)
[0323/111201.870:ERROR:process_memory_win.cc(73)] ReadMemory at 0x1dc260dfb10 of 62 bytes failed: Only part of a ReadProcessMemory or WriteProcessMemory request was completed. (0x12B)
[0323/111201.871:ERROR:process_memory_win.cc(73)] ReadMemory at 0x1dc260f5890 of 512 bytes failed: Only part of a ReadProcessMemory or WriteProcessMemory request was completed. (0x12B)
[0323/111201.871:ERROR:process_memory_win.cc(73)] ReadMemory at 0x1dc26594f20 of 512 bytes failed: Only part of a ReadProcessMemory or WriteProcessMemory request was completed. (0x12B)
[0323/111201.871:ERROR:process_memory_win.cc(73)] ReadMemory at 0x1dc265d3178 of 512 bytes failed: Only part of a ReadProcessMemory or WriteProcessMemory request was completed. (0x12B)
[0323/111201.872:ERROR:process_memory_win.cc(73)] ReadMemory at 0x1dc265d4f50 of 512 bytes failed: Only part of a ReadProcessMemory or WriteProcessMemory request was completed. (0x12B)
[0323/111201.872:ERROR:process_memory_win.cc(73)] ReadMemory at 0x1dc265e7570 of 712 bytes failed: Only part of a ReadProcessMemory or WriteProcessMemory request was completed. (0x12B)
[0323/111201.872:ERROR:process_memory_win.cc(73)] ReadMemory at 0x1dc265e9dc0 of 512 bytes failed: Only part of a ReadProcessMemory or WriteProcessMemory request was completed. (0x12B)
[0323/111201.874:ERROR:process_memory_win.cc(73)] ReadMemory at 0x1dc265ed6b0 of 512 bytes failed: Only part of a ReadProcessMemory or WriteProcessMemory request was completed. (0x12B)
[0323/111201.874:ERROR:process_memory_win.cc(73)] ReadMemory at 0x1dc265febc0 of 512 bytes failed: Only part of a ReadProcessMemory or WriteProcessMemory request was completed. (0x12B)
[0323/111201.884:ERROR:process_memory_win.cc(73)] ReadMemory at 0x1dc26607208 of 512 bytes failed: Only part of a ReadProcessMemory or WriteProcessMemory request was completed. (0x12B)
[0323/111201.885:ERROR:process_memory_win.cc(73)] ReadMemory at 0x1dc26607568 of 512 bytes failed: Only part of a ReadProcessMemory or WriteProcessMemory request was completed. (0x12B)
[0323/111201.885:ERROR:process_memory_win.cc(73)] ReadMemory at 0x1dc283ceb10 of 512 bytes failed: Only part of a ReadProcessMemory or WriteProcessMemory request was completed. (0x12B)
[0323/111201.885:ERROR:process_memory_win.cc(73)] ReadMemory at 0x1dc28c19960 of 512 bytes failed: Only part of a ReadProcessMemory or WriteProcessMemory request was completed. (0x12B)
[0323/111201.888:ERROR:process_memory_win.cc(73)] ReadMemory at 0x1dc28cf8280 of 512 bytes failed: Only part of a ReadProcessMemory or WriteProcessMemory request was completed. (0x12B)
[0323/111201.888:ERROR:process_memory_win.cc(73)] ReadMemory at 0x1dc28d99278 of 512 bytes failed: Only part of a ReadProcessMemory or WriteProcessMemory request was completed. (0x12B)
[0323/111201.889:ERROR:process_memory_win.cc(73)] ReadMemory at 0x1dc29bcedb0 of 512 bytes failed: Only part of a ReadProcessMemory or WriteProcessMemory request was completed. (0x12B)
[0323/111201.889:ERROR:process_memory_win.cc(73)] ReadMemory at 0x1dc29bde3d8 of 512 bytes failed: Only part of a ReadProcessMemory or WriteProcessMemory request was completed. (0x12B)
[0323/111201.889:ERROR:process_memory_win.cc(73)] ReadMemory at 0x1dc2a351bb0 of 512 bytes failed: Only part of a ReadProcessMemory or WriteProcessMemory request was completed. (0x12B)
[0323/111201.889:ERROR:process_memory_win.cc(73)] ReadMemory at 0x1dc2a3530d0 of 512 bytes failed: Only part of a ReadProcessMemory or WriteProcessMemory request was completed. (0x12B)
[0323/111201.914:ERROR:scoped_process_suspend.cc(40)] NtResumeProcess: An attempt was made to access an exiting process. (0xc000010a)
[0323/112344.535:ERROR:process_memory_win.cc(73)] ReadMemory at 0x20c003b36e0 of 72 bytes failed: Only part of a ReadProcessMemory or WriteProcessMemory request was completed. (0x12B)
[0323/112344.535:WARNING:pe_image_annotations_reader.cc(134)] could not read annotations list object in C:\Program Files (x86)\Google\Chrome\Application\80.0.3987.149\chrome_elf.dll
[0323/112344.536:ERROR:process_memory_win.cc(73)] ReadMemory at 0x20c00467d80 of 72 bytes failed: Only part of a ReadProcessMemory or WriteProcessMemory request was completed. (0x12B)
[0323/112344.536:WARNING:pe_image_annotations_reader.cc(134)] could not read annotations list object in C:\Program Files (x86)\Google\Chrome\Application\80.0.3987.149\chrome.dll
[0323/112344.540:ERROR:process_memory_win.cc(73)] ReadMemory at 0x20c003b36e0 of 72 bytes failed: Only part of a ReadProcessMemory or WriteProcessMemory request was completed. (0x12B)
[0323/112344.556:WARNING:pe_image_annotations_reader.cc(134)] could not read annotations list object in C:\Program Files (x86)\Google\Chrome\Application\80.0.3987.149\chrome_elf.dll
[0323/112344.556:ERROR:process_memory_win.cc(73)] ReadMemory at 0x20c00467d80 of 72 bytes failed: Only part of a ReadProcessMemory or WriteProcessMemory request was completed. (0x12B)
[0323/112344.557:WARNING:pe_image_annotations_reader.cc(134)] could not read annotations list object in C:\Program Files (x86)\Google\Chrome\Application\80.0.3987.149\chrome.dll
[0323/112348.180:ERROR:process_memory_win.cc(73)] ReadMemory at 0x579fbed000 of 77824 bytes failed: Only part of a ReadProcessMemory or WriteProcessMemory request was completed. (0x12B)
[0323/112348.190:ERROR:process_memory_win.cc(73)] ReadMemory at 0x57a03fd000 of 12288 bytes failed: Only part of a ReadProcessMemory or WriteProcessMemory request was completed. (0x12B)
[0323/112348.199:ERROR:process_memory_win.cc(73)] ReadMemory at 0x57a0bfd000 of 12288 bytes failed: Only part of a ReadProcessMemory or WriteProcessMemory request was completed. (0x12B)
[0323/112348.200:ERROR:process_memory_win.cc(73)] ReadMemory at 0x57a13f7000 of 36864 bytes failed: Only part of a ReadProcessMemory or WriteProcessMemory request was completed. (0x12B)
[0323/112348.200:ERROR:process_memory_win.cc(73)] ReadMemory at 0x57a1bfc000 of 16384 bytes failed: Only part of a ReadProcessMemory or WriteProcessMemory request was completed. (0x12B)
[0323/112348.220:ERROR:process_memory_win.cc(73)] ReadMemory at 0x57a23fb000 of 20480 bytes failed: Only part of a ReadProcessMemory or WriteProcessMemory request was completed. (0x12B)
[0323/112348.224:ERROR:process_memory_win.cc(73)] ReadMemory at 0x57a2bfe000 of 8192 bytes failed: Only part of a ReadProcessMemory or WriteProcessMemory request was completed. (0x12B)
[0323/112348.234:ERROR:process_memory_win.cc(73)] ReadMemory at 0x57a33fd000 of 12288 bytes failed: Only part of a ReadProcessMemory or WriteProcessMemory request was completed. (0x12B)
[0323/112348.240:ERROR:process_memory_win.cc(73)] ReadMemory at 0x57a3bfb000 of 20480 bytes failed: Only part of a ReadProcessMemory or WriteProcessMemory request was completed. (0x12B)
[0323/112348.240:ERROR:process_memory_win.cc(73)] ReadMemory at 0x57a43fb000 of 20480 bytes failed: Only part of a ReadProcessMemory or WriteProcessMemory request was completed. (0x12B)
[0323/112348.269:ERROR:process_memory_win.cc(73)] ReadMemory at 0x57a4bf6000 of 40960 bytes failed: Only part of a ReadProcessMemory or WriteProcessMemory request was completed. (0x12B)
[0323/112348.270:ERROR:process_memory_win.cc(73)] ReadMemory at 0x57a53fd000 of 12288 bytes failed: Only part of a ReadProcessMemory or WriteProcessMemory request was completed. (0x12B)
[0323/112348.274:ERROR:process_memory_win.cc(73)] ReadMemory at 0x57a63fb000 of 20480 bytes failed: Only part of a ReadProcessMemory or WriteProcessMemory request was completed. (0x12B)
[0323/112348.275:ERROR:process_memory_win.cc(73)] ReadMemory at 0x57a6bfb000 of 20480 bytes failed: Only part of a ReadProcessMemory or WriteProcessMemory request was completed. (0x12B)
[0323/112348.275:ERROR:process_memory_win.cc(73)] ReadMemory at 0x57a73fd000 of 12288 bytes failed: Only part of a ReadProcessMemory or WriteProcessMemory request was completed. (0x12B)
[0323/112348.277:ERROR:process_memory_win.cc(73)] ReadMemory at 0x57a83fb000 of 20480 bytes failed: Only part of a ReadProcessMemory or WriteProcessMemory request was completed. (0x12B)
[0323/112348.280:ERROR:process_memory_win.cc(73)] ReadMemory at 0x57a8bf5000 of 45056 bytes failed: Only part of a ReadProcessMemory or WriteProcessMemory request was completed. (0x12B)
[0323/112348.281:ERROR:process_memory_win.cc(73)] ReadMemory at 0x57a5bfa000 of 24576 bytes failed: Only part of a ReadProcessMemory or WriteProcessMemory request was completed. (0x12B)
[0323/112348.284:ERROR:process_memory_win.cc(73)] ReadMemory at 0x57a7bfd000 of 12288 bytes failed: Only part of a ReadProcessMemory or WriteProcessMemory request was completed. (0x12B)
[0323/112348.284:ERROR:process_memory_win.cc(73)] ReadMemory at 0x57a93ff000 of 4096 bytes failed: Only part of a ReadProcessMemory or WriteProcessMemory request was completed. (0x12B)
[0323/112348.284:ERROR:process_memory_win.cc(73)] ReadMemory at 0x579f32b000 of 852 bytes failed: Only part of a ReadProcessMemory or WriteProcessMemory request was completed. (0x12B)
[0323/112348.285:ERROR:process_memory_win.cc(73)] ReadMemory at 0x579f32c000 of 6024 bytes failed: Only part of a ReadProcessMemory or WriteProcessMemory request was completed. (0x12B)
[0323/112348.285:ERROR:process_memory_win.cc(73)] ReadMemory at 0x579f32e000 of 6024 bytes failed: Only part of a ReadProcessMemory or WriteProcessMemory request was completed. (0x12B)
[0323/112348.285:ERROR:process_memory_win.cc(73)] ReadMemory at 0x579f330000 of 6024 bytes failed: Only part of a ReadProcessMemory or WriteProcessMemory request was completed. (0x12B)
[0323/112348.287:ERROR:process_memory_win.cc(73)] ReadMemory at 0x579f332000 of 6024 bytes failed: Only part of a ReadProcessMemory or WriteProcessMemory request was completed. (0x12B)
[0323/112348.287:ERROR:process_memory_win.cc(73)] ReadMemory at 0x579f334000 of 6024 bytes failed: Only part of a ReadProcessMemory or WriteProcessMemory request was completed. (0x12B)
[0323/112348.288:ERROR:process_memory_win.cc(73)] ReadMemory at 0x579f336000 of 6024 bytes failed: Only part of a ReadProcessMemory or WriteProcessMemory request was completed. (0x12B)
[0323/112348.289:ERROR:process_memory_win.cc(73)] ReadMemory at 0x579f338000 of 6024 bytes failed: Only part of a ReadProcessMemory or WriteProcessMemory request was completed. (0x12B)
[0323/112348.290:ERROR:process_memory_win.cc(73)] ReadMemory at 0x579f33a000 of 6024 bytes failed: Only part of a ReadProcessMemory or WriteProcessMemory request was completed. (0x12B)
[0323/112348.290:ERROR:process_memory_win.cc(73)] ReadMemory at 0x579f33c000 of 6024 bytes failed: Only part of a ReadProcessMemory or WriteProcessMemory request was completed. (0x12B)
[0323/112348.291:ERROR:process_memory_win.cc(73)] ReadMemory at 0x579f33e000 of 6024 bytes failed: Only part of a ReadProcessMemory or WriteProcessMemory request was completed. (0x12B)
[0323/112348.657:ERROR:process_memory_win.cc(73)] ReadMemory at 0x579f340000 of 6024 bytes failed: Only part of a ReadProcessMemory or WriteProcessMemory request was completed. (0x12B)
[0323/112348.657:ERROR:process_memory_win.cc(73)] ReadMemory at 0x579f342000 of 6024 bytes failed: Only part of a ReadProcessMemory or WriteProcessMemory request was completed. (0x12B)
[0323/112348.658:ERROR:process_memory_win.cc(73)] ReadMemory at 0x579f346000 of 6024 bytes failed: Only part of a ReadProcessMemory or WriteProcessMemory request was completed. (0x12B)
[0323/112348.659:ERROR:process_memory_win.cc(73)] ReadMemory at 0x579f348000 of 6024 bytes failed: Only part of a ReadProcessMemory or WriteProcessMemory request was completed. (0x12B)
[0323/112348.660:ERROR:process_memory_win.cc(73)] ReadMemory at 0x579f34e000 of 6024 bytes failed: Only part of a ReadProcessMemory or WriteProcessMemory request was completed. (0x12B)
[0323/112348.667:ERROR:process_memory_win.cc(73)] ReadMemory at 0x579f350000 of 6024 bytes failed: Only part of a ReadProcessMemory or WriteProcessMemory request was completed. (0x12B)
[0323/112348.668:ERROR:process_memory_win.cc(73)] ReadMemory at 0x579f352000 of 6024 bytes failed: Only part of a ReadProcessMemory or WriteProcessMemory request was completed. (0x12B)
[0323/112348.668:ERROR:process_memory_win.cc(73)] ReadMemory at 0x579f354000 of 6024 bytes failed: Only part of a ReadProcessMemory or WriteProcessMemory request was completed. (0x12B)
[0323/112348.668:ERROR:process_memory_win.cc(73)] ReadMemory at 0x579f356000 of 6024 bytes failed: Only part of a ReadProcessMemory or WriteProcessMemory request was completed. (0x12B)
[0323/112348.669:ERROR:process_memory_win.cc(73)] ReadMemory at 0x579f358000 of 6024 bytes failed: Only part of a ReadProcessMemory or WriteProcessMemory request was completed. (0x12B)
[0323/112348.669:ERROR:process_memory_win.cc(73)] ReadMemory at 0x20c00170000 of 384 bytes failed: Only part of a ReadProcessMemory or WriteProcessMemory request was completed. (0x12B)
[0323/112348.670:ERROR:process_memory_win.cc(73)] ReadMemory at 0x20c00191060 of 512 bytes failed: Only part of a ReadProcessMemory or WriteProcessMemory request was completed. (0x12B)
[0323/112348.670:ERROR:process_memory_win.cc(73)] ReadMemory at 0x20c00195620 of 512 bytes failed: Only part of a ReadProcessMemory or WriteProcessMemory request was completed. (0x12B)
[0323/112348.671:ERROR:process_memory_win.cc(73)] ReadMemory at 0x20c003b3760 of 512 bytes failed: Only part of a ReadProcessMemory or WriteProcessMemory request was completed. (0x12B)
[0323/112348.671:ERROR:process_memory_win.cc(73)] ReadMemory at 0x20c00490070 of 512 bytes failed: Only part of a ReadProcessMemory or WriteProcessMemory request was completed. (0x12B)
[0323/112348.671:ERROR:process_memory_win.cc(73)] ReadMemory at 0x20c004a9030 of 512 bytes failed: Only part of a ReadProcessMemory or WriteProcessMemory request was completed. (0x12B)
[0323/112348.671:ERROR:process_memory_win.cc(73)] ReadMemory at 0x20c004b16f0 of 712 bytes failed: Only part of a ReadProcessMemory or WriteProcessMemory request was completed. (0x12B)
[0323/112348.673:ERROR:process_memory_win.cc(73)] ReadMemory at 0x20c004be7f0 of 512 bytes failed: Only part of a ReadProcessMemory or WriteProcessMemory request was completed. (0x12B)
[0323/112348.674:ERROR:process_memory_win.cc(73)] ReadMemory at 0x20c004beed0 of 512 bytes failed: Only part of a ReadProcessMemory or WriteProcessMemory request was completed. (0x12B)
[0323/112348.674:ERROR:process_memory_win.cc(73)] ReadMemory at 0x20c004c9270 of 512 bytes failed: Only part of a ReadProcessMemory or WriteProcessMemory request was completed. (0x12B)
[0323/112348.674:ERROR:process_memory_win.cc(73)] ReadMemory at 0x20c004e37c0 of 512 bytes failed: Only part of a ReadProcessMemory or WriteProcessMemory request was completed. (0x12B)
[0323/112348.675:ERROR:process_memory_win.cc(73)] ReadMemory at 0x20c00525e30 of 512 bytes failed: Only part of a ReadProcessMemory or WriteProcessMemory request was completed. (0x12B)
[0323/112348.675:ERROR:process_memory_win.cc(73)] ReadMemory at 0x20c00546e78 of 512 bytes failed: Only part of a ReadProcessMemory or WriteProcessMemory request was completed. (0x12B)
[0323/112348.675:ERROR:process_memory_win.cc(73)] ReadMemory at 0x20c005474a8 of 512 bytes failed: Only part of a ReadProcessMemory or WriteProcessMemory request was completed. (0x12B)
[0323/112348.675:ERROR:process_memory_win.cc(73)] ReadMemory at 0x20c021754c0 of 512 bytes failed: Only part of a ReadProcessMemory or WriteProcessMemory request was completed. (0x12B)
[0323/112348.675:ERROR:process_memory_win.cc(73)] ReadMemory at 0x20c02185dd0 of 512 bytes failed: Only part of a ReadProcessMemory or WriteProcessMemory request was completed. (0x12B)
[0323/112348.676:ERROR:process_memory_win.cc(73)] ReadMemory at 0x20c022a5530 of 512 bytes failed: Only part of a ReadProcessMemory or WriteProcessMemory request was completed. (0x12B)
[0323/112348.676:ERROR:process_memory_win.cc(73)] ReadMemory at 0x20c022aa320 of 512 bytes failed: Only part of a ReadProcessMemory or WriteProcessMemory request was completed. (0x12B)
[0323/112348.676:ERROR:process_memory_win.cc(73)] ReadMemory at 0x20c02b90ea0 of 512 bytes failed: Only part of a ReadProcessMemory or WriteProcessMemory request was completed. (0x12B)
[0323/112348.676:ERROR:process_memory_win.cc(73)] ReadMemory at 0x20c04345ff0 of 512 bytes failed: Only part of a ReadProcessMemory or WriteProcessMemory request was completed. (0x12B)
[0323/112348.679:ERROR:process_memory_win.cc(73)] ReadMemory at 0x20c044bc850 of 512 bytes failed: Only part of a ReadProcessMemory or WriteProcessMemory request was completed. (0x12B)
[0323/112348.680:ERROR:process_memory_win.cc(73)] ReadMemory at 0x20c04865dc0 of 512 bytes failed: Only part of a ReadProcessMemory or WriteProcessMemory request was completed. (0x12B)
[0323/112348.680:ERROR:process_memory_win.cc(73)] ReadMemory at 0x20c0487ae50 of 512 bytes failed: Only part of a ReadProcessMemory or WriteProcessMemory request was completed. (0x12B)
[0323/112348.739:ERROR:scoped_process_suspend.cc(40)] NtResumeProcess: An attempt was made to access an exiting process. (0xc000010a)
[0324/165359.083:ERROR:process_reader_win.cc(108)] process 3552 not found
[0324/165359.263:ERROR:exception_snapshot_win.cc(98)] thread ID 5752 not found in process
[0324/165359.276:ERROR:scoped_process_suspend.cc(40)] NtResumeProcess: An attempt was made to access an exiting process. (0xc000010a)
[0324/170451.896:ERROR:process_reader_win.cc(151)] SuspendThread: Access is denied. (0x5)
[0324/170451.896:ERROR:exception_snapshot_win.cc(98)] thread ID 21404 not found in process
